<?xml version="1.0" encoding="UTF-8"?>
<!-- Generated by org.testng.reporters.JUnitReportReporter -->
<testsuite hostname="ATMECSBLRLT-030" failures="0" tests="1" name="selaniumfirstprogram.SecondProgram" time="11.614" errors="0" timestamp="11 Sep 2020 05:39:12 GMT" skipped="0">
  <testcase classname="selaniumfirstprogram.SecondProgram" name="google" time="11.614"/>
</testsuite> <!-- selaniumfirstprogram.SecondProgram -->
