<?xml version="1.0" encoding="UTF-8"?>
<!-- Generated by org.testng.reporters.JUnitReportReporter -->
<testsuite hostname="ATMECSBLRLT-030" failures="0" tests="1" name="SelaniumFirstProgram.FirstProgram" time="14.719" errors="0" timestamp="10 Sep 2020 11:24:49 GMT" skipped="0">
  <testcase classname="SelaniumFirstProgram.FirstProgram" name="guruTest" time="14.719"/>
</testsuite> <!-- SelaniumFirstProgram.FirstProgram -->
