<?xml version="1.0" encoding="UTF-8"?>
<!-- Generated by org.testng.reporters.JUnitReportReporter -->
<testsuite hostname="ATMECSBLRLT-030" failures="0" tests="1" name="SelaniumTest.SampleTest" time="0.021" errors="0" timestamp="10 Sep 2020 06:25:58 GMT" skipped="0">
  <testcase classname="SelaniumTest.SampleTest" name="testPrintMessage" time="0.021"/>
</testsuite> <!-- SelaniumTest.SampleTest -->
