<?xml version="1.0" encoding="UTF-8"?>
<!-- Generated by org.testng.reporters.JUnitReportReporter -->
<testsuite hostname="ATMECSBLRLT-030" failures="0" tests="1" name="selaniumfirstprogram.FirstProgram" time="17.561" errors="0" timestamp="11 Sep 2020 05:39:12 GMT" skipped="0">
  <testcase classname="selaniumfirstprogram.FirstProgram" name="guruTest" time="17.561"/>
</testsuite> <!-- selaniumfirstprogram.FirstProgram -->
